2024-09-25 15:42:38,996 [INFO] Activator:177 - 


2024-09-25 15:42:38,997 [INFO] Activator:178 - !SESSION log4j initialized
2024-09-25 15:43:20,062 [INFO] McuFinderGlobals:39 - Set McuFinder mode to 2 (CubeIDE integrated)
2024-09-25 15:43:20,265 [INFO] ApplicationProperties:181 - Using Application install path: C:\ST\STM32CubeIDE_1.7.0\STM32CubeIDE\plugins\com.st.stm32cube.common.mx_6.3.0.202107141111
2024-09-25 15:43:20,274 [INFO] DbMcusXml:74 - Set database path to: C:\ST\STM32CubeIDE_1.7.0\STM32CubeIDE\plugins\com.st.stm32cube.common.mx_6.3.0.202107141111\\db\/mcu/
2024-09-25 15:43:20,277 [INFO] DbBoardsPdsc:56 - Set plugin database path to: C:\ST\STM32CubeIDE_1.7.0\STM32CubeIDE\plugins\com.st.stm32cube.common.mx_6.3.0.202107141111\\db\/plugins/boardmanager/
2024-09-25 15:43:20,289 [INFO] DbMcus:258 - Set plugin images path to: C:\ST\STM32CubeIDE_1.7.0\STM32CubeIDE\plugins\com.st.stm32cube.common.mx_6.3.0.202107141111\\db\/plugins/mcufinder/images/
2024-09-25 15:43:20,289 [INFO] DbBoards:264 - Set plugin images path to: C:\ST\STM32CubeIDE_1.7.0\STM32CubeIDE\plugins\com.st.stm32cube.common.mx_6.3.0.202107141111\\db\/plugins/mcufinder/images/
2024-09-25 15:43:20,291 [INFO] DbExamples:333 - Set plugin images path to: C:\ST\STM32CubeIDE_1.7.0\STM32CubeIDE\plugins\com.st.stm32cube.common.mx_6.3.0.202107141111\\db\/plugins/mcufinder/images/
2024-09-25 15:43:20,294 [INFO] DbMcusAds:119 - Set database path to: C:\Users\itzic\.stmcufinder\plugins\mcufinder//mcu/
2024-09-25 15:43:20,295 [INFO] DbMcusDocs:110 - Set database path to: C:\Users\itzic\.stmcufinder\plugins\mcufinder//mcu/
2024-09-25 15:43:20,296 [INFO] DbMcusJson:64 - Set database path to: C:\Users\itzic\.stmcufinder\plugins\mcufinder//mcu/
2024-09-25 15:43:20,297 [INFO] DbBoardsDocs:110 - Set database path to: C:\Users\itzic\.stmcufinder\plugins\mcufinder//mcu/
2024-09-25 15:43:20,298 [INFO] DbBoardsJson:57 - Set database path to: C:\Users\itzic\.stmcufinder\plugins\mcufinder//mcu/
2024-09-25 15:43:31,982 [INFO] CrossReferenceDbSqlite:196 - Set database path to: C:\Users\itzic\.stmcufinder\plugins\mcufinder//mcu/cs/
2024-09-25 15:43:31,985 [INFO] DbExamplesSqlite:767 - Set database path to: C:\Users\itzic\.stmcufinder\plugins\mcufinder//mcu/
2024-09-25 15:43:32,044 [INFO] RulesReader:57 - Compatibility file has been processed (242 Rules)
2024-09-25 15:43:32,101 [INFO] DbMcusXml:74 - Set database path to: C:\ST\STM32CubeIDE_1.7.0\STM32CubeIDE\plugins\com.st.stm32cube.common.mx_6.3.0.202107141111\\db\/mcu/
2024-09-25 15:43:32,102 [INFO] DbBoardsPdsc:56 - Set plugin database path to: C:\ST\STM32CubeIDE_1.7.0\STM32CubeIDE\plugins\com.st.stm32cube.common.mx_6.3.0.202107141111\\db\/plugins/boardmanager/
2024-09-25 15:43:32,102 [INFO] DbMcus:258 - Set plugin images path to: C:\ST\STM32CubeIDE_1.7.0\STM32CubeIDE\plugins\com.st.stm32cube.common.mx_6.3.0.202107141111\\db\/plugins/mcufinder/images/
2024-09-25 15:43:32,102 [INFO] DbBoards:264 - Set plugin images path to: C:\ST\STM32CubeIDE_1.7.0\STM32CubeIDE\plugins\com.st.stm32cube.common.mx_6.3.0.202107141111\\db\/plugins/mcufinder/images/
2024-09-25 15:43:32,102 [INFO] DbExamples:333 - Set plugin images path to: C:\ST\STM32CubeIDE_1.7.0\STM32CubeIDE\plugins\com.st.stm32cube.common.mx_6.3.0.202107141111\\db\/plugins/mcufinder/images/
2024-09-25 15:43:32,102 [WARN] DbFile:35 - Overriding database path with different value: C:\Users\itzic\.stmcufinder\plugins\mcufinder/ => C:\Users\itzic\.stmcufinder\plugins\mcufinder
2024-09-25 15:43:32,102 [INFO] DbMcusAds:119 - Set database path to: C:\Users\itzic\.stmcufinder\plugins\mcufinder//mcu/
2024-09-25 15:43:32,103 [WARN] DbFile:35 - Overriding database path with different value: C:\Users\itzic\.stmcufinder\plugins\mcufinder/ => C:\Users\itzic\.stmcufinder\plugins\mcufinder
2024-09-25 15:43:32,103 [INFO] DbMcusDocs:110 - Set database path to: C:\Users\itzic\.stmcufinder\plugins\mcufinder//mcu/
2024-09-25 15:43:32,103 [WARN] DbFile:35 - Overriding database path with different value: C:\Users\itzic\.stmcufinder\plugins\mcufinder/ => C:\Users\itzic\.stmcufinder\plugins\mcufinder
2024-09-25 15:43:32,103 [INFO] DbMcusJson:64 - Set database path to: C:\Users\itzic\.stmcufinder\plugins\mcufinder//mcu/
2024-09-25 15:43:32,103 [WARN] DbFile:35 - Overriding database path with different value: C:\Users\itzic\.stmcufinder\plugins\mcufinder/ => C:\Users\itzic\.stmcufinder\plugins\mcufinder
2024-09-25 15:43:32,103 [INFO] DbBoardsDocs:110 - Set database path to: C:\Users\itzic\.stmcufinder\plugins\mcufinder//mcu/
2024-09-25 15:43:32,103 [WARN] DbFile:35 - Overriding database path with different value: C:\Users\itzic\.stmcufinder\plugins\mcufinder/ => C:\Users\itzic\.stmcufinder\plugins\mcufinder
2024-09-25 15:43:32,103 [INFO] DbBoardsJson:57 - Set database path to: C:\Users\itzic\.stmcufinder\plugins\mcufinder//mcu/
2024-09-25 15:43:32,103 [WARN] DbFile:35 - Overriding database path with different value: C:\Users\itzic\.stmcufinder\plugins\mcufinder/ => C:\Users\itzic\.stmcufinder\plugins\mcufinder
2024-09-25 15:43:32,103 [WARN] DbFile:35 - Overriding database path with different value: C:\Users\itzic\.stmcufinder\plugins\mcufinder/ => C:\Users\itzic\.stmcufinder\plugins\mcufinder
2024-09-25 15:43:32,990 [INFO] CrossReferenceDbSqlite:196 - Set database path to: C:\Users\itzic\.stmcufinder\plugins\mcufinder//mcu/cs/
2024-09-25 15:43:32,990 [WARN] DbFile:35 - Overriding database path with different value: C:\Users\itzic\.stmcufinder\plugins\mcufinder/ => C:\Users\itzic\.stmcufinder\plugins\mcufinder
2024-09-25 15:43:32,991 [INFO] DbExamplesSqlite:767 - Set database path to: C:\Users\itzic\.stmcufinder\plugins\mcufinder//mcu/
2024-09-25 15:43:33,029 [INFO] MainPanel:214 - HeapMemory: 394264576
2024-09-25 15:43:33,075 [INFO] DbMcusXml:74 - Set database path to: C:\ST\STM32CubeIDE_1.7.0\STM32CubeIDE\plugins\com.st.stm32cube.common.mx_6.3.0.202107141111\\db\/mcu/
2024-09-25 15:43:33,075 [INFO] DbBoardsPdsc:56 - Set plugin database path to: C:\ST\STM32CubeIDE_1.7.0\STM32CubeIDE\plugins\com.st.stm32cube.common.mx_6.3.0.202107141111\\db\/plugins/boardmanager/
2024-09-25 15:43:33,075 [INFO] DbMcus:258 - Set plugin images path to: C:\ST\STM32CubeIDE_1.7.0\STM32CubeIDE\plugins\com.st.stm32cube.common.mx_6.3.0.202107141111\\db\/plugins/mcufinder/images/
2024-09-25 15:43:33,075 [INFO] DbBoards:264 - Set plugin images path to: C:\ST\STM32CubeIDE_1.7.0\STM32CubeIDE\plugins\com.st.stm32cube.common.mx_6.3.0.202107141111\\db\/plugins/mcufinder/images/
2024-09-25 15:43:33,075 [INFO] DbExamples:333 - Set plugin images path to: C:\ST\STM32CubeIDE_1.7.0\STM32CubeIDE\plugins\com.st.stm32cube.common.mx_6.3.0.202107141111\\db\/plugins/mcufinder/images/
2024-09-25 15:43:33,076 [WARN] DbFile:35 - Overriding database path with different value: C:\Users\itzic\.stmcufinder\plugins\mcufinder/ => C:\Users\itzic\.stmcufinder\plugins\mcufinder
2024-09-25 15:43:33,076 [INFO] DbMcusAds:119 - Set database path to: C:\Users\itzic\.stmcufinder\plugins\mcufinder//mcu/
2024-09-25 15:43:33,076 [WARN] DbFile:35 - Overriding database path with different value: C:\Users\itzic\.stmcufinder\plugins\mcufinder/ => C:\Users\itzic\.stmcufinder\plugins\mcufinder
2024-09-25 15:43:33,076 [INFO] DbMcusDocs:110 - Set database path to: C:\Users\itzic\.stmcufinder\plugins\mcufinder//mcu/
2024-09-25 15:43:33,076 [WARN] DbFile:35 - Overriding database path with different value: C:\Users\itzic\.stmcufinder\plugins\mcufinder/ => C:\Users\itzic\.stmcufinder\plugins\mcufinder
2024-09-25 15:43:33,077 [INFO] DbMcusJson:64 - Set database path to: C:\Users\itzic\.stmcufinder\plugins\mcufinder//mcu/
2024-09-25 15:43:33,077 [WARN] DbFile:35 - Overriding database path with different value: C:\Users\itzic\.stmcufinder\plugins\mcufinder/ => C:\Users\itzic\.stmcufinder\plugins\mcufinder
2024-09-25 15:43:33,077 [INFO] DbBoardsDocs:110 - Set database path to: C:\Users\itzic\.stmcufinder\plugins\mcufinder//mcu/
2024-09-25 15:43:33,077 [WARN] DbFile:35 - Overriding database path with different value: C:\Users\itzic\.stmcufinder\plugins\mcufinder/ => C:\Users\itzic\.stmcufinder\plugins\mcufinder
2024-09-25 15:43:33,077 [INFO] DbBoardsJson:57 - Set database path to: C:\Users\itzic\.stmcufinder\plugins\mcufinder//mcu/
2024-09-25 15:43:33,077 [WARN] DbFile:35 - Overriding database path with different value: C:\Users\itzic\.stmcufinder\plugins\mcufinder/ => C:\Users\itzic\.stmcufinder\plugins\mcufinder
2024-09-25 15:43:33,077 [WARN] DbFile:35 - Overriding database path with different value: C:\Users\itzic\.stmcufinder\plugins\mcufinder/ => C:\Users\itzic\.stmcufinder\plugins\mcufinder
2024-09-25 15:43:33,978 [INFO] CrossReferenceDbSqlite:196 - Set database path to: C:\Users\itzic\.stmcufinder\plugins\mcufinder//mcu/cs/
2024-09-25 15:43:33,988 [WARN] DbFile:35 - Overriding database path with different value: C:\Users\itzic\.stmcufinder\plugins\mcufinder/ => C:\Users\itzic\.stmcufinder\plugins\mcufinder
2024-09-25 15:43:33,988 [INFO] DbExamplesSqlite:767 - Set database path to: C:\Users\itzic\.stmcufinder\plugins\mcufinder//mcu/
2024-09-25 15:43:34,000 [INFO] ApplicationProperties:181 - Using Application install path: C:\ST\STM32CubeIDE_1.7.0\STM32CubeIDE\plugins\com.st.stm32cube.common.mx_6.3.0.202107141111
2024-09-25 15:43:34,001 [INFO] PluginManage:188 - Search for loadable plugins [exclusion list=, ]
2024-09-25 15:43:34,002 [INFO] PluginManage:302 - Check plugin analytics
2024-09-25 15:43:35,021 [INFO] AnalyticsPlugin:257 - Accepted Software Licenses: 
2024-09-25 15:43:35,021 [INFO] AnalyticsPlugin:259 - Accepted CMSIS Pack Licenses: 
2024-09-25 15:43:35,021 [INFO] AnalyticsPlugin:261 - Accepted Firmware Licenses: 
2024-09-25 15:43:35,022 [INFO] PluginManage:352 - Loaded plugin analytics (category:tool,tabindex:-1)
2024-09-25 15:43:35,022 [INFO] PluginManage:302 - Check plugin clock
2024-09-25 15:43:35,028 [INFO] PluginManage:352 - Loaded plugin clock (category:base,tabindex:2)
2024-09-25 15:43:35,029 [INFO] PluginManage:302 - Check plugin ddr
2024-09-25 15:43:35,030 [INFO] PluginManage:352 - Loaded plugin ddr (category:tool,tabindex:6)
2024-09-25 15:43:35,030 [INFO] PluginManage:302 - Check plugin filemanager
2024-09-25 15:43:35,116 [INFO] PluginManage:352 - Loaded plugin filemanager (category:base,tabindex:10)
2024-09-25 15:43:35,116 [INFO] PluginManage:302 - Check plugin ipmanager
2024-09-25 15:43:35,121 [INFO] PluginManage:352 - Loaded plugin ipmanager (category:base,tabindex:5)
2024-09-25 15:43:35,121 [INFO] PluginManage:302 - Check plugin pinoutandconfiguration
2024-09-25 15:43:35,126 [INFO] PluginManage:352 - Loaded plugin pinoutandconfiguration (category:base,tabindex:1)
2024-09-25 15:43:35,127 [INFO] PluginManage:302 - Check plugin pinoutconfig
2024-09-25 15:43:35,145 [INFO] PluginManage:352 - Loaded plugin pinoutconfig (category:base,tabindex:0)
2024-09-25 15:43:35,145 [INFO] PluginManage:302 - Check plugin power
2024-09-25 15:43:35,151 [INFO] PluginManage:352 - Loaded plugin power (category:power,tabindex:4)
2024-09-25 15:43:35,151 [INFO] PluginManage:302 - Check plugin projectmanager
2024-09-25 15:43:35,162 [INFO] PluginManage:352 - Loaded plugin projectmanager (category:projectmanager,tabindex:3)
2024-09-25 15:43:35,162 [INFO] PluginManage:302 - Check plugin thirdparty
2024-09-25 15:43:35,260 [INFO] PluginManage:352 - Loaded plugin thirdparty (category:base,tabindex:-1)
2024-09-25 15:43:35,260 [INFO] PluginManage:302 - Check plugin tools
2024-09-25 15:43:35,260 [WARN] IntegrityCheckThread:78 - waiting for thirdparty lock release [integrity check]
2024-09-25 15:43:35,261 [INFO] IntegrityCheckThread:80 - entering critical section [integrity check]
2024-09-25 15:43:35,262 [INFO] ThirdPartyUpdaterWithRetryManager:66 - Updater plugin not ready yet. [1/15]
2024-09-25 15:43:35,263 [INFO] PluginManage:352 - Loaded plugin tools (category:base,tabindex:7)
2024-09-25 15:43:35,263 [INFO] PluginManage:302 - Check plugin tutovideos
2024-09-25 15:43:35,432 [INFO] PluginManage:352 - Loaded plugin tutovideos (category:base,tabindex:-1)
2024-09-25 15:43:35,433 [INFO] PluginManage:302 - Check plugin updater
2024-09-25 15:43:35,443 [INFO] PluginManage:352 - Loaded plugin updater (category:base,tabindex:12)
2024-09-25 15:43:35,443 [INFO] PluginManage:275 - PluginManage : Loaded plugins [13]
2024-09-25 15:43:35,566 [INFO] PinOutPanel:1463 - setPackage(No Configuration,No Configuration)
2024-09-25 15:43:35,639 [INFO] IPUIPlugin:74 - create IPUIPlugin
2024-09-25 15:43:35,639 [INFO] PluginManager:213 - loadIPPluginJar : add adc
2024-09-25 15:43:35,641 [INFO] IPUIPlugin:74 - create IPUIPlugin
2024-09-25 15:43:35,641 [INFO] PluginManager:213 - loadIPPluginJar : add aes
2024-09-25 15:43:35,643 [INFO] IPUIPlugin:74 - create IPUIPlugin
2024-09-25 15:43:35,643 [INFO] PluginManager:213 - loadIPPluginJar : add can
2024-09-25 15:43:35,644 [INFO] IPUIPlugin:74 - create IPUIPlugin
2024-09-25 15:43:35,645 [INFO] PluginManager:213 - loadIPPluginJar : add comp
2024-09-25 15:43:35,646 [INFO] IPUIPlugin:74 - create IPUIPlugin
2024-09-25 15:43:35,646 [INFO] PluginManager:213 - loadIPPluginJar : add cryp
2024-09-25 15:43:35,648 [INFO] IPUIPlugin:74 - create IPUIPlugin
2024-09-25 15:43:35,648 [INFO] PluginManager:213 - loadIPPluginJar : add dfsdm
2024-09-25 15:43:35,653 [INFO] IPUIPlugin:74 - create IPUIPlugin
2024-09-25 15:43:35,653 [INFO] PluginManager:213 - loadIPPluginJar : add dma
2024-09-25 15:43:35,655 [INFO] IPUIPlugin:74 - create IPUIPlugin
2024-09-25 15:43:35,655 [INFO] PluginManager:213 - loadIPPluginJar : add dma3
2024-09-25 15:43:35,656 [INFO] IPUIPlugin:74 - create IPUIPlugin
2024-09-25 15:43:35,656 [INFO] PluginManager:213 - loadIPPluginJar : add fatfs
2024-09-25 15:43:35,660 [INFO] IPUIPlugin:74 - create IPUIPlugin
2024-09-25 15:43:35,660 [INFO] PluginManager:213 - loadIPPluginJar : add fmc
2024-09-25 15:43:35,741 [INFO] IPUIPlugin:74 - create IPUIPlugin
2024-09-25 15:43:35,742 [INFO] PluginManager:213 - loadIPPluginJar : add freertos
2024-09-25 15:43:35,762 [INFO] IPUIPlugin:74 - create IPUIPlugin
2024-09-25 15:43:35,762 [INFO] PluginManager:213 - loadIPPluginJar : add genericplugin
2024-09-25 15:43:35,764 [INFO] IPUIPlugin:74 - create IPUIPlugin
2024-09-25 15:43:35,764 [INFO] PluginManager:213 - loadIPPluginJar : add gfxmmu
2024-09-25 15:43:35,769 [INFO] IPUIPlugin:74 - create IPUIPlugin
2024-09-25 15:43:35,769 [INFO] PluginManager:213 - loadIPPluginJar : add gic
2024-09-25 15:43:35,772 [INFO] IPUIPlugin:74 - create IPUIPlugin
2024-09-25 15:43:35,772 [INFO] PluginManager:213 - loadIPPluginJar : add gpio
2024-09-25 15:43:35,774 [INFO] IPUIPlugin:74 - create IPUIPlugin
2024-09-25 15:43:35,774 [INFO] PluginManager:213 - loadIPPluginJar : add gtzc
2024-09-25 15:43:35,775 [INFO] IPUIPlugin:74 - create IPUIPlugin
2024-09-25 15:43:35,775 [INFO] PluginManager:213 - loadIPPluginJar : add hash
2024-09-25 15:43:35,777 [INFO] IPUIPlugin:74 - create IPUIPlugin
2024-09-25 15:43:35,777 [INFO] PluginManager:213 - loadIPPluginJar : add i2c
2024-09-25 15:43:35,778 [INFO] IPUIPlugin:74 - create IPUIPlugin
2024-09-25 15:43:35,778 [INFO] PluginManager:213 - loadIPPluginJar : add i2s
2024-09-25 15:43:35,781 [INFO] IPUIPlugin:74 - create IPUIPlugin
2024-09-25 15:43:35,781 [INFO] PluginManager:213 - loadIPPluginJar : add ipddr
2024-09-25 15:43:35,787 [INFO] IPUIPlugin:74 - create IPUIPlugin
2024-09-25 15:43:35,787 [INFO] PluginManager:213 - loadIPPluginJar : add linkedlist
2024-09-25 15:43:35,789 [INFO] IPUIPlugin:74 - create IPUIPlugin
2024-09-25 15:43:35,789 [INFO] PluginManager:213 - loadIPPluginJar : add lorawan
2024-09-25 15:43:35,790 [INFO] IPUIPlugin:74 - create IPUIPlugin
2024-09-25 15:43:35,790 [INFO] PluginManager:213 - loadIPPluginJar : add ltdc
2024-09-25 15:43:35,794 [INFO] IPUIPlugin:74 - create IPUIPlugin
2024-09-25 15:43:35,794 [INFO] PluginManager:213 - loadIPPluginJar : add mdma
2024-09-25 15:43:35,797 [INFO] IPUIPlugin:74 - create IPUIPlugin
2024-09-25 15:43:35,798 [INFO] PluginManager:213 - loadIPPluginJar : add nvic
2024-09-25 15:43:35,800 [INFO] IPUIPlugin:74 - create IPUIPlugin
2024-09-25 15:43:35,800 [INFO] PluginManager:213 - loadIPPluginJar : add opamp
2024-09-25 15:43:35,802 [INFO] IPUIPlugin:74 - create IPUIPlugin
2024-09-25 15:43:35,802 [INFO] PluginManager:213 - loadIPPluginJar : add openamp
2024-09-25 15:43:35,819 [INFO] IPUIPlugin:74 - create IPUIPlugin
2024-09-25 15:43:35,819 [INFO] PluginManager:213 - loadIPPluginJar : add pdm2pcm
2024-09-25 15:43:35,825 [INFO] IPUIPlugin:74 - create IPUIPlugin
2024-09-25 15:43:35,828 [INFO] PluginManager:213 - loadIPPluginJar : add plateformsettings
2024-09-25 15:43:35,829 [INFO] IPUIPlugin:74 - create IPUIPlugin
2024-09-25 15:43:35,829 [INFO] PluginManager:213 - loadIPPluginJar : add quadspi
2024-09-25 15:43:35,832 [INFO] IPUIPlugin:74 - create IPUIPlugin
2024-09-25 15:43:35,832 [INFO] PluginManager:213 - loadIPPluginJar : add resmgrutility
2024-09-25 15:43:35,835 [INFO] IPUIPlugin:74 - create IPUIPlugin
2024-09-25 15:43:35,835 [INFO] PluginManager:213 - loadIPPluginJar : add sai
2024-09-25 15:43:35,836 [INFO] IPUIPlugin:74 - create IPUIPlugin
2024-09-25 15:43:35,837 [INFO] PluginManager:213 - loadIPPluginJar : add spi
2024-09-25 15:43:35,861 [INFO] IPUIPlugin:74 - create IPUIPlugin
2024-09-25 15:43:35,861 [INFO] PluginManager:213 - loadIPPluginJar : add stm32_wpan
2024-09-25 15:43:35,863 [INFO] IPUIPlugin:74 - create IPUIPlugin
2024-09-25 15:43:35,863 [INFO] PluginManager:213 - loadIPPluginJar : add tim
2024-09-25 15:43:35,865 [INFO] IPUIPlugin:74 - create IPUIPlugin
2024-09-25 15:43:35,865 [INFO] PluginManager:213 - loadIPPluginJar : add touchsensing
2024-09-25 15:43:35,866 [INFO] IPUIPlugin:74 - create IPUIPlugin
2024-09-25 15:43:35,866 [INFO] PluginManager:213 - loadIPPluginJar : add tracer_emb
2024-09-25 15:43:35,867 [INFO] IPUIPlugin:74 - create IPUIPlugin
2024-09-25 15:43:35,867 [INFO] PluginManager:213 - loadIPPluginJar : add ts
2024-09-25 15:43:35,868 [INFO] IPUIPlugin:74 - create IPUIPlugin
2024-09-25 15:43:35,868 [INFO] PluginManager:213 - loadIPPluginJar : add tsc
2024-09-25 15:43:35,869 [INFO] IPUIPlugin:74 - create IPUIPlugin
2024-09-25 15:43:35,870 [INFO] PluginManager:213 - loadIPPluginJar : add ucpd
2024-09-25 15:43:35,871 [INFO] IPUIPlugin:74 - create IPUIPlugin
2024-09-25 15:43:35,871 [INFO] PluginManager:213 - loadIPPluginJar : add usart
2024-09-25 15:43:35,873 [INFO] IPUIPlugin:74 - create IPUIPlugin
2024-09-25 15:43:35,874 [INFO] PluginManager:213 - loadIPPluginJar : add usbx
2024-09-25 15:43:36,146 [FATAL] Updater:294 - Updater called before beeing initialized
2024-09-25 15:43:36,234 [FATAL] Updater:294 - Updater called before beeing initialized
2024-09-25 15:43:36,238 [INFO] DbMcusAds:47 - JSON generation date=Fri Sep 20 20:04:23 ICT 2024 (1726837463113)
2024-09-25 15:43:36,238 [FATAL] Updater:294 - Updater called before beeing initialized
2024-09-25 15:43:36,269 [WARN] DetailPanel:314 - Failed to get advertising image, set to default
2024-09-25 15:43:36,351 [FATAL] Updater:294 - Updater called before beeing initialized
2024-09-25 15:43:36,353 [FATAL] Updater:294 - Updater called before beeing initialized
2024-09-25 15:43:36,353 [FATAL] Updater:294 - Updater called before beeing initialized
2024-09-25 15:43:36,353 [WARN] DetailPanel:314 - Failed to get advertising image, set to default
2024-09-25 15:43:36,355 [FATAL] Updater:294 - Updater called before beeing initialized
2024-09-25 15:43:36,402 [ERROR] Updater:1075 - MainUpdater not yet initialized. External WinMGr cannot be set.
2024-09-25 15:43:36,405 [INFO] Updater:1012 - Updater Version found : 6.3.0
2024-09-25 15:43:36,425 [INFO] ApplicationProperties:181 - Using Application install path: C:\ST\STM32CubeIDE_1.7.0\STM32CubeIDE\plugins\com.st.stm32cube.common.mx_6.3.0.202107141111
2024-09-25 15:43:36,580 [INFO] MainUpdater:2671 - connection check result : 10
2024-09-25 15:43:36,581 [INFO] MainUpdater:265 - Updater Check For Update Now.
2024-09-25 15:43:36,581 [INFO] MicroXplorer:478 - Change Database Version : DB.6.0.30
2024-09-25 15:43:36,739 [INFO] CheckServerUpdateThread:112 - End of CheckServer Thread
2024-09-25 15:43:36,797 [INFO] MainUpdater:2671 - connection check result : 10
2024-09-25 15:43:37,009 [INFO] McuFinderGlobals:52 - Set McuFinderConnectedMode to false
2024-09-25 15:43:37,094 [INFO] CrossSelectorPresenter:1330 - Cross Selector saved comparison directory: C:\Users\itzic\.stmcufinder\plugins\mcufinder\mcu\cs_comparisons_mx
2024-09-25 15:43:37,099 [INFO] MultiScanPanel:197 - Auto-refresh data requested => check proxy status ongoing
2024-09-25 15:43:37,099 [INFO] MultiScanPanel:201 - Proxy status is invalid
2024-09-25 15:43:37,102 [INFO] FinderPluginLoader:87 - Searching for filters in installed packs
2024-09-25 15:43:37,103 [INFO] DbMcusXml:100 - Load MCU database from C:\ST\STM32CubeIDE_1.7.0\STM32CubeIDE\plugins\com.st.stm32cube.common.mx_6.3.0.202107141111\\db\/mcu/families.xml
2024-09-25 15:43:37,797 [INFO] DbMcusJson:93 - JSON generation date=Tue Nov 16 23:17:54 ICT 2021 (1637079474)
2024-09-25 15:43:38,400 [ERROR] Engine:463 - C:\Users\itzic\.stm32cubemx\thirdparties\pdsc\STMicroelectronics.X-CUBE-SMBUS.2.1.0.pdsc: PDSC version is not supported
2024-09-25 15:43:38,455 [WARN] PackLoader:238 - Cannot read IP mode file for STMicroelectronics.X-CUBE-AZRTOS-F7.1.1.0
2024-09-25 15:43:38,510 [INFO] DbMcus:175 - Found 1951 MCUs (1903 are supported by CubeMX, 1914 are visible in CubeMX)
2024-09-25 15:43:38,511 [INFO] ApiDb:251 - Load user favorites file C:\Users\itzic/.stm32cubeide/favorites.mcus.txt: 0 item(s)
2024-09-25 15:43:38,511 [INFO] ApiDb:255 - User favorites MCUs=[]
2024-09-25 15:43:38,511 [INFO] DbMcus:187 - Set 0 / 0 favorites MCUs
2024-09-25 15:43:38,514 [WARN] PackLoader:238 - Cannot read IP mode file for STMicroelectronics.X-CUBE-MEMS1.11.0.0
2024-09-25 15:43:38,750 [ERROR] Engine:463 - C:\Users\itzic\.stm32cubemx\thirdparties\pdsc\emotas.I-CUBE-CANOPEN.1.3.0.pdsc: PDSC version is not supported
2024-09-25 15:43:38,757 [INFO] LogOutputStream:76 - [STDOUT_REDIRECT] 1 : Invalid condition id : UX_CORESTACK_Condition cause : null
2024-09-25 15:43:38,760 [INFO] LogOutputStream:76 - [STDOUT_REDIRECT] 1 : Invalid condition id : UX_CORESTACK_Condition cause : null
2024-09-25 15:43:38,761 [INFO] LogOutputStream:76 - [STDOUT_REDIRECT] 1 : Invalid condition id : UX_CORESTACK_Condition cause : null
2024-09-25 15:43:38,762 [INFO] LogOutputStream:76 - [STDOUT_REDIRECT] 1 : Invalid condition id : UX_CORESTACK_Condition cause : null
2024-09-25 15:43:38,762 [INFO] LogOutputStream:76 - [STDOUT_REDIRECT] 1 : Invalid condition id : UX_CORESTACK_Condition cause : null
2024-09-25 15:43:38,765 [WARN] PackLoader:238 - Cannot read IP mode file for STMicroelectronics.X-CUBE-AZRTOS-WL.2.0.0
2024-09-25 15:43:38,769 [WARN] PackLoader:238 - Cannot read IP mode file for wolfSSL.I-CUBE-wolfMQTT.1.19.0
2024-09-25 15:43:38,774 [WARN] PackLoader:238 - Cannot read IP mode file for WES.I-CUBE-Cesium.1.3.0
2024-09-25 15:43:38,777 [ERROR] Engine:463 - C:\Users\itzic\.stm32cubemx\thirdparties\pdsc\STMicroelectronics.X-CUBE-TCPP.4.1.0.pdsc: PDSC version is not supported
2024-09-25 15:43:38,806 [WARN] PackLoader:238 - Cannot read IP mode file for STMicroelectronics.X-CUBE-AZRTOS-G0.1.1.0
2024-09-25 15:43:38,815 [WARN] PackLoader:238 - Cannot read IP mode file for STMicroelectronics.X-CUBE-SAFEA1.1.2.2
2024-09-25 15:43:38,821 [WARN] PackLoader:238 - Cannot read IP mode file for STMicroelectronics.X-CUBE-NFC4.3.0.0
2024-09-25 15:43:38,826 [ERROR] Engine:463 - C:\Users\itzic\.stm32cubemx\thirdparties\pdsc\EmbeddedOffice.I-CUBE-FS-RTOS.1.0.1.pdsc: PDSC version is not supported
2024-09-25 15:43:38,828 [ERROR] Engine:463 - C:\Users\itzic\.stm32cubemx\thirdparties\pdsc\RealThread.X-CUBE-RT-Thread_Nano.4.1.1.pdsc: PDSC version is not supported
2024-09-25 15:43:38,831 [WARN] PackLoader:238 - Cannot read IP mode file for wolfSSL.I-CUBE-wolfSSL.5.7.2
2024-09-25 15:43:38,834 [ERROR] Engine:463 - C:\Users\itzic\.stm32cubemx\thirdparties\pdsc\ITTIA_DB.I-CUBE-ITTIADB.8.9.0.pdsc: PDSC version is not supported
2024-09-25 15:43:38,864 [WARN] PackLoader:238 - Cannot read IP mode file for SEGGER.I-CUBE-embOS.1.3.1
2024-09-25 15:43:38,908 [WARN] PackLoader:238 - Cannot read IP mode file for STMicroelectronics.X-CUBE-ALGOBUILD.1.4.0
2024-09-25 15:43:38,921 [WARN] PackLoader:238 - Cannot read IP mode file for STMicroelectronics.X-CUBE-GNSS1.6.0.0
2024-09-25 15:43:38,933 [WARN] PackLoader:238 - Cannot read IP mode file for STMicroelectronics.X-CUBE-AZRTOS-F4.1.1.0
2024-09-25 15:43:38,938 [WARN] PackLoader:238 - Cannot read IP mode file for STMicroelectronics.X-CUBE-ISPU.2.1.0
2024-09-25 15:43:38,952 [WARN] PackLoader:238 - Cannot read IP mode file for STMicroelectronics.X-CUBE-AZRTOS-L5.2.0.0
2024-09-25 15:43:38,959 [WARN] PackLoader:238 - Cannot read IP mode file for STMicroelectronics.X-CUBE-NFC6.3.1.0
2024-09-25 15:43:38,965 [WARN] PackLoader:238 - Cannot read IP mode file for STMicroelectronics.X-CUBE-NFC7.1.0.1
2024-09-25 15:43:38,980 [WARN] ConditionMgr:437 - getConditionDescription Invalid condition id : LAN8742 Phy interface Condition cause : null
2024-09-25 15:43:38,981 [WARN] PackLoader:238 - Cannot read IP mode file for STMicroelectronics.X-CUBE-AZRTOS-L4.2.0.0
2024-09-25 15:43:38,983 [WARN] ConditionMgr:1038 - genDependencies : Invalid condition id : LAN8742 Phy interface Condition cause : null
2024-09-25 15:43:38,983 [WARN] ConditionMgr:1038 - genDependencies : Invalid condition id : LAN8742 Phy interface Condition cause : null
2024-09-25 15:43:38,983 [WARN] ConditionMgr:1038 - genDependencies : Invalid condition id : LAN8742 Phy interface Condition cause : null
2024-09-25 15:43:38,989 [WARN] PackLoader:238 - Cannot read IP mode file for STMicroelectronics.X-CUBE-SFXS2LP1.4.0.0
2024-09-25 15:43:39,017 [WARN] PackLoader:238 - Cannot read IP mode file for STMicroelectronics.X-CUBE-AZRTOS-H7.3.3.0
2024-09-25 15:43:39,034 [WARN] ConditionMgr:437 - getConditionDescription Invalid condition id : UX DEVICE CLASS RTOS Condition cause : null
2024-09-25 15:43:39,034 [WARN] ConditionMgr:437 - getConditionDescription Invalid condition id : UX DEVICE CLASS RTOS Condition cause : null
2024-09-25 15:43:39,036 [WARN] PackLoader:238 - Cannot read IP mode file for STMicroelectronics.X-CUBE-AZRTOS-WB.2.0.0
2024-09-25 15:43:39,037 [WARN] ConditionMgr:1038 - genDependencies : Invalid condition id : UX DEVICE CLASS RTOS Condition cause : null
2024-09-25 15:43:39,037 [WARN] ConditionMgr:1038 - genDependencies : Invalid condition id : UX DEVICE CLASS RTOS Condition cause : null
2024-09-25 15:43:39,038 [WARN] ConditionMgr:1038 - genDependencies : Invalid condition id : UX DEVICE CLASS RTOS Condition cause : null
2024-09-25 15:43:39,038 [WARN] ConditionMgr:1038 - genDependencies : Invalid condition id : UX DEVICE CLASS RTOS Condition cause : null
2024-09-25 15:43:39,038 [WARN] ConditionMgr:1038 - genDependencies : Invalid condition id : UX DEVICE CLASS RTOS Condition cause : null
2024-09-25 15:43:39,043 [WARN] PackLoader:238 - Cannot read IP mode file for STMicroelectronics.X-CUBE-GNSS1.7.0.0
2024-09-25 15:43:39,057 [WARN] PackLoader:238 - Cannot read IP mode file for STMicroelectronics.X-CUBE-SUBG2.5.0.0
2024-09-25 15:43:39,065 [ERROR] Engine:463 - C:\Users\itzic\.stm32cubemx\thirdparties\pdsc\Cesanta.I-CUBE-Mongoose.7.13.0.pdsc: PDSC version is not supported
2024-09-25 15:43:39,080 [WARN] PackLoader:238 - Cannot read IP mode file for STMicroelectronics.X-CUBE-AZRTOS-G4.2.0.0
2024-09-25 15:43:39,086 [WARN] PackLoader:238 - Cannot read IP mode file for STMicroelectronics.X-CUBE-ISPU.2.0.0
2024-09-25 15:43:39,086 [INFO] DetailPanel:309 - Set advertising image to C:/Users/itzic/STM32Cube/Repository/\en.prom-stm32c071-usb-memories-mcu-finder.png
2024-09-25 15:43:39,090 [WARN] PackLoader:238 - Cannot read IP mode file for STMicroelectronics.X-CUBE-TOUCHGFX.4.24.0
2024-09-25 15:43:39,092 [WARN] PackLoader:238 - Cannot read IP mode file for STMicroelectronics.X-CUBE-TOUCHGFX.4.24.1
2024-09-25 15:43:39,094 [WARN] PackLoader:238 - Cannot read IP mode file for wolfSSL.I-CUBE-wolfTPM.3.4.0
2024-09-25 15:43:39,097 [WARN] PackLoader:238 - Cannot read IP mode file for portGmbH.I-Cube-SoM-uGOAL.1.1.0
2024-09-25 15:43:39,118 [WARN] PackLoader:238 - Cannot read IP mode file for STMicroelectronics.X-CUBE-AZRTOS-H7RS.1.0.0
2024-09-25 15:43:39,126 [ERROR] Engine:463 - C:\Users\itzic\.stm32cubemx\thirdparties\pdsc\STMicroelectronics.X-CUBE-TOF1.3.4.2.pdsc: PDSC version is not supported
2024-09-25 15:43:39,131 [ERROR] Engine:463 - C:\Users\itzic\.stm32cubemx\thirdparties\pdsc\Infineon.AIROC-Wi-Fi-Bluetooth-STM32.1.6.1.pdsc: PDSC version is not supported
2024-09-25 15:43:39,133 [WARN] PackLoader:238 - Cannot read IP mode file for wolfSSL.I-CUBE-wolfSSH.1.4.17
2024-09-25 15:43:39,133 [INFO] ThirdParty:915 - Integrity check success = true
2024-09-25 15:43:39,133 [INFO] IntegrityCheckThread:94 - exiting critical section [integrity check]
2024-09-25 15:43:39,133 [INFO] IntegrityCheckThread:97 - End integrity checks thread
2024-09-25 15:43:39,447 [INFO] DbBoardsPdsc:90 - Found 25 items
2024-09-25 15:43:39,448 [INFO] DbBoardsPdsc:90 - Found 9 items
2024-09-25 15:43:39,450 [INFO] DbBoardsPdsc:90 - Found 33 items
2024-09-25 15:43:39,451 [INFO] DbBoardsPdsc:90 - Found 1 items
2024-09-25 15:43:39,454 [INFO] DbBoardsPdsc:90 - Found 48 items
2024-09-25 15:43:39,458 [INFO] DbBoardsPdsc:90 - Found 43 items
2024-09-25 15:43:39,459 [INFO] DbBoardsPdsc:90 - Found 2 items
2024-09-25 15:43:39,461 [INFO] DbBoardsPdsc:90 - Found 5 items
2024-09-25 15:43:39,464 [WARN] DbBoardsPdsc:254 - Board STM32H7B3I-DK: unknown feature type=Audio, name=, username=Audio stereo codec with Headphone Amp (CS42L51-CNZ), n=1
2024-09-25 15:43:39,464 [WARN] DbBoardsPdsc:254 - Board STM32H735G-DK: unknown feature type=Audio, name=, username=Audio stereo codec with Headphone Amp (WM8994ECS/R), n=1
2024-09-25 15:43:39,465 [WARN] DbBoardsPdsc:254 - Board STM32H7B3I-EVAL: unknown feature type=Audio, name=, username=Multi-Channel Audio Codec (CS42L51-CNZ), n=1
2024-09-25 15:43:39,465 [WARN] DbBoardsPdsc:254 - Board STM32H7B3I-EVAL: unknown feature type=Meter, name=, username=Power-metering and Temperature-monitoring with sigma-delta modulators, n=1
2024-09-25 15:43:39,465 [WARN] DbBoardsPdsc:254 - Board STM32H7B3I-EVAL: unknown feature type=Motor, name=, username=Motor Control, n=1
2024-09-25 15:43:39,465 [WARN] DbBoardsPdsc:254 - Board STM32U575I-EV: unknown feature type=joystick, name=, username=4-direction joystick with selection button, n=1
2024-09-25 15:43:39,478 [INFO] DbBoardsJson:86 - JSON generation date=Tue Nov 16 23:17:54 ICT 2021 (1637079474)
2024-09-25 15:43:39,483 [INFO] DbBoards:117 - Found 167 boards (163 are supported by CubeMX)
2024-09-25 15:43:39,485 [INFO] DbBoardsDocs:143 - JSON generation date=Tue Nov 16 23:17:54 ICT 2021 (1637079474)
2024-09-25 15:43:39,488 [INFO] DbBoardsDocs:79 - Found 209 boards documents
2024-09-25 15:43:39,488 [WARN] DbBoards:127 - board B-L475E-IOT01A2 has no document id list !
2024-09-25 15:43:39,489 [WARN] DbBoards:127 - board NUCLEO-H743ZI has no document id list !
2024-09-25 15:43:39,490 [WARN] DbBoards:127 - board NUCLEO-WL55JC2 has no document id list !
2024-09-25 15:43:39,490 [WARN] DbBoards:127 - board P-NUCLEO-WB55-Nucleo has no document id list !
2024-09-25 15:43:39,490 [WARN] DbBoards:127 - board P-NUCLEO-WB55-USBDongle has no document id list !
2024-09-25 15:43:39,490 [WARN] DbBoards:127 - board STEVAL-BFA001V1B has no document id list !
2024-09-25 15:43:39,490 [WARN] DbBoards:127 - board STEVAL-BFA001V2B has no document id list !
2024-09-25 15:43:39,490 [WARN] DbBoards:127 - board STEVAL-IDP005V1 has no document id list !
2024-09-25 15:43:39,490 [WARN] DbBoards:127 - board STEVAL-IDP005V2 has no document id list !
2024-09-25 15:43:39,490 [WARN] DbBoards:127 - board STEVAL-MKSBOX1V1 has no document id list !
2024-09-25 15:43:39,490 [WARN] DbBoards:127 - board STEVAL-STWINKT1 has no document id list !
2024-09-25 15:43:39,490 [WARN] DbBoards:127 - board STEVAL-STWINKT1B has no document id list !
2024-09-25 15:43:39,490 [WARN] DbBoards:127 - board STM32439I-EVAL2 has no document id list !
2024-09-25 15:43:39,490 [WARN] DbBoards:127 - board STM32F401C-DISCO has no document id list !
2024-09-25 15:43:39,491 [WARN] DbBoards:127 - board STM32F769I-DISC1 has no document id list !
2024-09-25 15:43:39,491 [WARN] DbBoards:127 - board STM32G474E-EVAL1 has no document id list !
2024-09-25 15:43:39,491 [WARN] DbBoards:127 - board STM32H743I-EVAL2 has no document id list !
2024-09-25 15:43:39,491 [WARN] DbBoards:127 - board STM32H747I-DISC1 has no document id list !
2024-09-25 15:43:39,491 [WARN] DbBoards:127 - board STM32H753I-EVAL2 has no document id list !
2024-09-25 15:43:39,492 [WARN] DbBoards:127 - board STM32L-DISCOVERY has no document id list !
2024-09-25 15:43:39,586 [ERROR] DbBoards:189 - Image file not found for board B-U585I-IOT02A: C:\ST\STM32CubeIDE_1.7.0\STM32CubeIDE\plugins\com.st.stm32cube.common.mx_6.3.0.202107141111\\db\/plugins/mcufinder/images/boards/B-U585I-IOT02A_small.jpg
2024-09-25 15:43:39,664 [ERROR] DbBoards:189 - Image file not found for board NUCLEO-F413ZH: C:\ST\STM32CubeIDE_1.7.0\STM32CubeIDE\plugins\com.st.stm32cube.common.mx_6.3.0.202107141111\\db\/plugins/mcufinder/images/boards/nucleo-f413zh_small.jpg
2024-09-25 15:43:39,820 [ERROR] DbBoards:189 - Image file not found for board NUCLEO-L552ZE-Q: C:\ST\STM32CubeIDE_1.7.0\STM32CubeIDE\plugins\com.st.stm32cube.common.mx_6.3.0.202107141111\\db\/plugins/mcufinder/images/boards/nucleo_l552ze_q_small.jpg
2024-09-25 15:43:39,820 [ERROR] DbBoards:189 - Image file not found for board NUCLEO-U575ZI-Q: C:\ST\STM32CubeIDE_1.7.0\STM32CubeIDE\plugins\com.st.stm32cube.common.mx_6.3.0.202107141111\\db\/plugins/mcufinder/images/boards/nucleo-u575zi-q_small.jpg
2024-09-25 15:43:39,820 [ERROR] DbBoards:189 - Image file not found for board NUCLEO-WB15CC: C:\ST\STM32CubeIDE_1.7.0\STM32CubeIDE\plugins\com.st.stm32cube.common.mx_6.3.0.202107141111\\db\/plugins/mcufinder/images/boards/nucleo-wb15cc_small.jpg
2024-09-25 15:43:39,820 [ERROR] DbBoards:189 - Image file not found for board NUCLEO-WB55RG: C:\ST\STM32CubeIDE_1.7.0\STM32CubeIDE\plugins\com.st.stm32cube.common.mx_6.3.0.202107141111\\db\/plugins/mcufinder/images/boards/nucleo-wb55rg_small.jpg
2024-09-25 15:43:40,809 [INFO] ApiDb:251 - Load user favorites file C:\Users\itzic/.stm32cubeide/favorites.boards.txt: 0 item(s)
2024-09-25 15:43:40,810 [INFO] ApiDb:255 - User favorites Boards=[]
2024-09-25 15:43:40,810 [INFO] DbBoards:206 - Set 0 / 0 favorites Boards
2024-09-25 15:43:50,942 [INFO] McuFinderGlobals:52 - Set McuFinderConnectedMode to true
2024-09-25 15:44:02,179 [INFO] ApiDb:276 - Save user favorites file C:\Users\itzic/.stm32cubeide/favorites.mcus.txt: 0 item(s)
2024-09-25 15:44:02,179 [INFO] ApiDb:280 - User favorites MCUs=[]
2024-09-25 15:44:04,504 [INFO] MainUpdater:2671 - connection check result : 10
2024-09-25 15:44:04,605 [INFO] McuFinderGlobals:52 - Set McuFinderConnectedMode to false
2024-09-25 15:44:04,618 [INFO] CrossSelectorPresenter:1330 - Cross Selector saved comparison directory: C:\Users\itzic\.stmcufinder\plugins\mcufinder\mcu\cs_comparisons_mx
2024-09-25 15:44:04,619 [INFO] MultiScanPanel:197 - Auto-refresh data requested => check proxy status ongoing
2024-09-25 15:44:04,620 [INFO] MultiScanPanel:201 - Proxy status is invalid
2024-09-25 15:44:04,620 [INFO] FinderPluginLoader:87 - Searching for filters in installed packs
2024-09-25 15:44:05,031 [INFO] DetailPanel:309 - Set advertising image to C:/Users/itzic/STM32Cube/Repository/\en.prom-stm32c071-usb-memories-mcu-finder.png
2024-09-25 15:44:24,578 [INFO] DbMcusDocs:143 - JSON generation date=Tue Nov 16 23:17:54 ICT 2021 (1637079474)
2024-09-25 15:44:24,796 [INFO] DbMcusDocs:79 - Found 682 MCUs documents
2024-09-25 15:44:36,209 [INFO] MainUpdater:2671 - connection check result : 10
2024-09-25 15:44:36,210 [INFO] MainUpdater:2671 - connection check result : 10
2024-09-25 15:44:36,244 [INFO] MicroXplorer:448 - Change Database Path : 
2024-09-25 15:44:36,245 [INFO] MicroXplorer:478 - Change Database Version : DB.6.0.30
2024-09-25 15:44:36,245 [WARN] ThirdParty:813 - waiting for thirdparty lock release [close project]
2024-09-25 15:44:36,245 [INFO] ThirdParty:815 - entering critical section [close project]
2024-09-25 15:44:36,245 [INFO] ThirdParty:825 - exiting critical section [close project]
2024-09-25 15:44:36,247 [INFO] PinOutPanel:1463 - setPackage(No Configuration,No Configuration)
2024-09-25 15:44:36,247 [INFO] UtilMem:74 - Begin LoadConfig() Used Memory: 750527856 Bytes (1027604480)
2024-09-25 15:44:36,248 [INFO] MicroXplorer:448 - Change Database Path : 
2024-09-25 15:44:36,248 [INFO] MicroXplorer:478 - Change Database Version : DB.6.0.30
2024-09-25 15:44:36,248 [INFO] OpenFileManager:313 - Change cursor
2024-09-25 15:44:36,671 [INFO] Context:592 - Trying to add GPIOservice into a context  which must be forbidden
2024-09-25 15:44:36,812 [INFO] ImportTextPane:167 - (OptionalMessage_ERROR) Unable to find key (Mcu.ThirdPartyNb) in loaded IOC file
2024-09-25 15:44:36,812 [INFO] ImportTextPane:167 - (OptionalMessage_ERROR) Unable to find key (Mcu.PinsNb) in loaded IOC file
2024-09-25 15:44:36,812 [INFO] ImportTextPane:167 - (OptionalMessage_ERROR) Unable to find key (Mcu.IPNb) in loaded IOC file
2024-09-25 15:44:36,848 [WARN] ApiManager:304 - Cannot register API 'Board Extension:GNSS1A1' from pack STMicroelectronics.X-CUBE-GNSS1.6.0.0: no header file found
2024-09-25 15:44:36,848 [WARN] ApiManager:304 - Cannot register API 'Board Support:Custom' from pack STMicroelectronics.X-CUBE-GNSS1.6.0.0: no header file found
2024-09-25 15:44:36,848 [WARN] ApiManager:304 - Cannot register API 'Data Exchange:lib_gnss' from pack STMicroelectronics.X-CUBE-GNSS1.6.0.0: no header file found
2024-09-25 15:44:36,855 [WARN] ModelIntegratedComponent:60 - No mode defined for component null
2024-09-25 15:44:36,855 [WARN] ModelIntegratedComponent:60 - No mode defined for component null
2024-09-25 15:44:36,855 [WARN] ModelIntegratedComponent:60 - No mode defined for component null
2024-09-25 15:44:36,856 [WARN] ModelIntegratedComponent:60 - No mode defined for component null
2024-09-25 15:44:36,856 [WARN] ModelIntegratedComponent:60 - No mode defined for component null
2024-09-25 15:44:36,856 [WARN] ModelIntegratedComponent:60 - No mode defined for component null
2024-09-25 15:44:36,856 [WARN] ModelIntegratedComponent:60 - No mode defined for component null
2024-09-25 15:44:36,856 [WARN] ModelIntegratedComponent:60 - No mode defined for component null
2024-09-25 15:44:36,856 [WARN] ModelIntegratedComponent:60 - No mode defined for component null
2024-09-25 15:44:36,856 [WARN] ModelIntegratedComponent:60 - No mode defined for component null
2024-09-25 15:44:36,856 [WARN] ModelIntegratedComponent:60 - No mode defined for component null
2024-09-25 15:44:36,856 [WARN] ModelIntegratedComponent:60 - No mode defined for component null
2024-09-25 15:44:36,856 [WARN] ModelIntegratedComponent:60 - No mode defined for component null
2024-09-25 15:44:36,856 [WARN] ModelIntegratedComponent:60 - No mode defined for component null
2024-09-25 15:44:36,856 [WARN] ModelIntegratedComponent:60 - No mode defined for component null
2024-09-25 15:44:36,856 [WARN] ModelIntegratedComponent:60 - No mode defined for component null
2024-09-25 15:44:36,856 [WARN] ModelIntegratedComponent:60 - No mode defined for component null
2024-09-25 15:44:36,856 [WARN] ModelIntegratedComponent:60 - No mode defined for component null
2024-09-25 15:44:36,856 [WARN] ModelIntegratedComponent:60 - No mode defined for component null
2024-09-25 15:44:36,856 [WARN] ModelIntegratedComponent:60 - No mode defined for component null
2024-09-25 15:44:36,856 [WARN] ModelIntegratedComponent:60 - No mode defined for component null
2024-09-25 15:44:36,857 [WARN] ModelIntegratedComponent:60 - No mode defined for component null
2024-09-25 15:44:36,857 [WARN] ModelIntegratedComponent:60 - No mode defined for component null
2024-09-25 15:44:36,857 [WARN] ModelIntegratedComponent:60 - No mode defined for component null
2024-09-25 15:44:36,857 [WARN] ModelIntegratedComponent:60 - No mode defined for component null
2024-09-25 15:44:36,857 [WARN] ModelIntegratedComponent:60 - No mode defined for component null
2024-09-25 15:44:36,857 [WARN] ModelIntegratedComponent:60 - No mode defined for component null
2024-09-25 15:44:36,857 [WARN] ModelIntegratedComponent:60 - No mode defined for component null
2024-09-25 15:44:36,857 [WARN] ModelIntegratedComponent:60 - No mode defined for component null
2024-09-25 15:44:36,857 [WARN] ModelIntegratedComponent:60 - No mode defined for component null
2024-09-25 15:44:36,857 [WARN] ModelIntegratedComponent:60 - No mode defined for component null
2024-09-25 15:44:36,860 [WARN] ApiManager:304 - Cannot register API 'Board Extension:NFC07A1' from pack STMicroelectronics.X-CUBE-NFC7.1.0.1: no header file found
2024-09-25 15:44:36,861 [WARN] ApiManager:304 - Cannot register API 'Board Extension:GNSS1A1' from pack STMicroelectronics.X-CUBE-GNSS1.7.0.0: no header file found
2024-09-25 15:44:36,861 [WARN] ApiManager:304 - Cannot register API 'Board Support:Custom' from pack STMicroelectronics.X-CUBE-GNSS1.7.0.0: no header file found
2024-09-25 15:44:36,861 [WARN] ApiManager:304 - Cannot register API 'Data Exchange:lib_gnss' from pack STMicroelectronics.X-CUBE-GNSS1.7.0.0: no header file found
2024-09-25 15:44:36,866 [WARN] ApiManager:304 - Cannot register API 'Board Extension:NFC06A1' from pack STMicroelectronics.X-CUBE-NFC6.3.1.0: no header file found
2024-09-25 15:44:36,866 [WARN] ApiManager:304 - Cannot register API 'Board Extension:NFC08A1' from pack STMicroelectronics.X-CUBE-NFC6.3.1.0: no header file found
2024-09-25 15:44:37,009 [WARN] ApiManager:304 - Cannot register API 'Board Extension:IKS01A3' from pack STMicroelectronics.X-CUBE-MEMS1.11.0.0: no header file found
2024-09-25 15:44:37,009 [WARN] ApiManager:304 - Cannot register API 'Board Extension:IKS02A1' from pack STMicroelectronics.X-CUBE-MEMS1.11.0.0: no header file found
2024-09-25 15:44:37,009 [WARN] ApiManager:304 - Cannot register API 'Board Extension:IKS4A1' from pack STMicroelectronics.X-CUBE-MEMS1.11.0.0: no header file found
2024-09-25 15:44:37,017 [INFO] RtosManager:484 - Registered RTOS mode: class=CMSIS, group=RTOS, mode=CMSIS_V1, owner=FREERTOS
2024-09-25 15:44:37,017 [INFO] RtosManager:484 - Registered RTOS mode: class=CMSIS, group=RTOS2, mode=CMSIS_V2, owner=FREERTOS
2024-09-25 15:44:37,017 [INFO] RtosManager:484 - Registered RTOS mode: class=RTOS, group=Core, mode=CMSIS_V1, owner=FREERTOS
2024-09-25 15:44:37,017 [INFO] RtosManager:484 - Registered RTOS mode: class=RTOS, group=Core, mode=CMSIS_V2, owner=FREERTOS
2024-09-25 15:44:37,017 [WARN] ModelIntegratedComponent:181 - Missing modes for component STMicroelectronics:FreeRTOS:0.0.1:STMicroelectronics:RTOS:FreeRTOS:Core:::10.2.0:
2024-09-25 15:44:37,019 [WARN] ApiManager:304 - Cannot register API 'Board Extension:STSAFEA1' from pack STMicroelectronics.X-CUBE-SAFEA1.1.2.2: no header file found
2024-09-25 15:44:37,019 [WARN] ApiManager:304 - Cannot register API 'Board Part:STSAFEA110' from pack STMicroelectronics.X-CUBE-SAFEA1.1.2.2: no header file found
2024-09-25 15:44:37,019 [WARN] ApiManager:304 - Cannot register API 'Security:ST_Cryptolib' from pack STMicroelectronics.X-CUBE-SAFEA1.1.2.2: no header file found
2024-09-25 15:44:37,019 [WARN] ApiManager:304 - Cannot register API 'Security:MbedTLS' from pack STMicroelectronics.X-CUBE-SAFEA1.1.2.2: no header file found
2024-09-25 15:44:37,019 [WARN] ApiManager:304 - Cannot register API 'Board Extension:NFC04A1' from pack STMicroelectronics.X-CUBE-NFC4.3.0.0: no header file found
2024-09-25 15:44:37,022 [WARN] ApiManager:304 - Cannot register API 'Board Extension:S2868A1' from pack STMicroelectronics.X-CUBE-SUBG2.5.0.0: no header file found
2024-09-25 15:44:37,022 [WARN] ApiManager:304 - Cannot register API 'Board Extension:S2868A2' from pack STMicroelectronics.X-CUBE-SUBG2.5.0.0: no header file found
2024-09-25 15:44:37,022 [WARN] ApiManager:304 - Cannot register API 'Board Extension:S2915A1' from pack STMicroelectronics.X-CUBE-SUBG2.5.0.0: no header file found
2024-09-25 15:44:37,025 [WARN] ApiManager:304 - Cannot register API 'Board Extension:S2868A1' from pack STMicroelectronics.X-CUBE-SFXS2LP1.4.0.0: no header file found
2024-09-25 15:44:37,025 [WARN] ApiManager:304 - Cannot register API 'Board Extension:S2868A2' from pack STMicroelectronics.X-CUBE-SFXS2LP1.4.0.0: no header file found
2024-09-25 15:44:37,025 [WARN] ApiManager:304 - Cannot register API 'Board Extension:S2915A1' from pack STMicroelectronics.X-CUBE-SFXS2LP1.4.0.0: no header file found
2024-09-25 15:44:38,160 [INFO] UtilMem:74 - End LoadConfig() Used Memory: 853201648 Bytes (1027604480)
2024-09-25 15:44:38,161 [WARN] ThirdParty:779 - waiting for thirdparty lock release [change project]
2024-09-25 15:44:38,161 [INFO] ThirdParty:781 - entering critical section [change project]
2024-09-25 15:44:38,161 [INFO] ThirdParty:967 - CMSIS Pack Vendor :STMicroelectronics X-CUBE-AZRTOS-H7 3.3.0
2024-09-25 15:44:38,161 [INFO] ThirdParty:967 - CMSIS Pack Vendor :STMicroelectronics X-CUBE-GNSS1 6.0.0
2024-09-25 15:44:38,161 [INFO] ThirdParty:967 - CMSIS Pack Vendor :STMicroelectronics USB_HOST 2.0.0
2024-09-25 15:44:38,161 [INFO] ThirdParty:967 - CMSIS Pack Vendor :STMicroelectronics X-CUBE-AZRTOS-F4 1.1.0
2024-09-25 15:44:38,161 [INFO] ThirdParty:967 - CMSIS Pack Vendor :wolfSSL I-CUBE-wolfSSL 5.7.2
2024-09-25 15:44:38,161 [INFO] ThirdParty:967 - CMSIS Pack Vendor :STMicroelectronics X-CUBE-ISPU 2.0.0
2024-09-25 15:44:38,161 [INFO] ThirdParty:967 - CMSIS Pack Vendor :STMicroelectronics USB_DEVICE 3.0.0
2024-09-25 15:44:38,161 [INFO] ThirdParty:967 - CMSIS Pack Vendor :STMicroelectronics X-CUBE-ISPU 2.1.0
2024-09-25 15:44:38,161 [INFO] ThirdParty:967 - CMSIS Pack Vendor :STMicroelectronics HAL Drivers 0.0.0
2024-09-25 15:44:38,161 [INFO] ThirdParty:967 - CMSIS Pack Vendor :STMicroelectronics MBEDTLS 2.16.2
2024-09-25 15:44:38,161 [INFO] ThirdParty:967 - CMSIS Pack Vendor :STMicroelectronics X-CUBE-AZRTOS-WB 2.0.0
2024-09-25 15:44:38,161 [INFO] ThirdParty:967 - CMSIS Pack Vendor :STMicroelectronics X-CUBE-NFC7 1.0.1
2024-09-25 15:44:38,161 [INFO] ThirdParty:967 - CMSIS Pack Vendor :STMicroelectronics X-CUBE-GNSS1 7.0.0
2024-09-25 15:44:38,162 [INFO] ThirdParty:967 - CMSIS Pack Vendor :STMicroelectronics MBEDTLS 2.14.1
2024-09-25 15:44:38,162 [INFO] ThirdParty:967 - CMSIS Pack Vendor :STMicroelectronics X-CUBE-TOUCHGFX 4.24.0
2024-09-25 15:44:38,162 [INFO] ThirdParty:967 - CMSIS Pack Vendor :STMicroelectronics X-CUBE-AZRTOS-F7 1.1.0
2024-09-25 15:44:38,162 [INFO] ThirdParty:967 - CMSIS Pack Vendor :STMicroelectronics X-CUBE-AZRTOS-L5 2.0.0
2024-09-25 15:44:38,162 [INFO] ThirdParty:967 - CMSIS Pack Vendor :STMicroelectronics X-CUBE-TOUCHGFX 4.24.1
2024-09-25 15:44:38,162 [INFO] ThirdParty:967 - CMSIS Pack Vendor :wolfSSL I-CUBE-wolfTPM 3.4.0
2024-09-25 15:44:38,162 [INFO] ThirdParty:967 - CMSIS Pack Vendor :portGmbH I-Cube-SoM-uGOAL 1.1.0
2024-09-25 15:44:38,162 [INFO] ThirdParty:967 - CMSIS Pack Vendor :STMicroelectronics USB_DEVICE 2.0.0
2024-09-25 15:44:38,162 [INFO] ThirdParty:967 - CMSIS Pack Vendor :STMicroelectronics X-CUBE-NFC6 3.1.0
2024-09-25 15:44:38,162 [INFO] ThirdParty:967 - CMSIS Pack Vendor :STMicroelectronics X-CUBE-AZRTOS-WL 2.0.0
2024-09-25 15:44:38,162 [INFO] ThirdParty:967 - CMSIS Pack Vendor :SEGGER I-CUBE-embOS 1.3.1
2024-09-25 15:44:38,162 [INFO] ThirdParty:967 - CMSIS Pack Vendor :STMicroelectronics X-CUBE-MEMS1 11.0.0
2024-09-25 15:44:38,162 [INFO] ThirdParty:967 - CMSIS Pack Vendor :STMicroelectronics X-CUBE-ALGOBUILD 1.4.0
2024-09-25 15:44:38,162 [INFO] ThirdParty:967 - CMSIS Pack Vendor :STMicroelectronics FreeRTOS 0.0.1
2024-09-25 15:44:38,162 [INFO] ThirdParty:967 - CMSIS Pack Vendor :STMicroelectronics X-CUBE-AZRTOS-G0 1.1.0
2024-09-25 15:44:38,162 [INFO] ThirdParty:967 - CMSIS Pack Vendor :STMicroelectronics USB_DEVICE 1.0.0
2024-09-25 15:44:38,162 [INFO] ThirdParty:967 - CMSIS Pack Vendor :STMicroelectronics X-CUBE-SAFEA1 1.2.2
2024-09-25 15:44:38,162 [INFO] ThirdParty:967 - CMSIS Pack Vendor :STMicroelectronics X-CUBE-NFC4 3.0.0
2024-09-25 15:44:38,162 [INFO] ThirdParty:967 - CMSIS Pack Vendor :STMicroelectronics X-CUBE-SUBG2 5.0.0
2024-09-25 15:44:38,162 [INFO] ThirdParty:967 - CMSIS Pack Vendor :STMicroelectronics X-CUBE-AZRTOS-H7RS 1.0.0
2024-09-25 15:44:38,162 [INFO] ThirdParty:967 - CMSIS Pack Vendor :wolfSSL I-CUBE-wolfMQTT 1.19.0
2024-09-25 15:44:38,162 [INFO] ThirdParty:967 - CMSIS Pack Vendor :STMicroelectronics X-CUBE-AZRTOS-L4 2.0.0
2024-09-25 15:44:38,162 [INFO] ThirdParty:967 - CMSIS Pack Vendor :STMicroelectronics ThreadX 0.0.2
2024-09-25 15:44:38,162 [INFO] ThirdParty:967 - CMSIS Pack Vendor :WES I-CUBE-Cesium 1.3.0
2024-09-25 15:44:38,162 [INFO] ThirdParty:967 - CMSIS Pack Vendor :STMicroelectronics lwIP 2.0.3
2024-09-25 15:44:38,162 [INFO] ThirdParty:967 - CMSIS Pack Vendor :STMicroelectronics lwIP 2.1.2
2024-09-25 15:44:38,162 [INFO] ThirdParty:967 - CMSIS Pack Vendor :STMicroelectronics X-CUBE-SFXS2LP1 4.0.0
2024-09-25 15:44:38,162 [INFO] ThirdParty:967 - CMSIS Pack Vendor :STMicroelectronics USB_HOST 1.0.0
2024-09-25 15:44:38,162 [INFO] ThirdParty:967 - CMSIS Pack Vendor :STMicroelectronics X-CUBE-AZRTOS-G4 2.0.0
2024-09-25 15:44:38,162 [INFO] ThirdParty:967 - CMSIS Pack Vendor :STMicroelectronics PDM2PCM 3.1.0
2024-09-25 15:44:38,162 [INFO] ThirdParty:967 - CMSIS Pack Vendor :STMicroelectronics PDM2PCM 3.2.0
2024-09-25 15:44:38,163 [INFO] ThirdParty:967 - CMSIS Pack Vendor :wolfSSL I-CUBE-wolfSSH 1.4.17
2024-09-25 15:44:38,163 [INFO] ThirdParty:967 - CMSIS Pack Vendor :STMicroelectronics PDM2PCM 3.3.0
2024-09-25 15:44:38,163 [INFO] ThirdParty:787 - exiting critical section [change project]
2024-09-25 15:44:38,311 [INFO] PinOutPanel:1463 - setPackage(No Configuration,No Configuration)
2024-09-25 15:44:38,312 [INFO] PinOutPanel:1463 - setPackage(STM32F103C6Ux,UFQFPN48)
2024-09-25 15:44:38,569 [INFO] UtilMem:74 - Before build in PCC Used Memory: 736568528 Bytes (1027604480)
2024-09-25 15:44:38,925 [INFO] UtilMem:74 - After build in PCC Used Memory: 815211728 Bytes (1027604480)
2024-09-25 15:44:38,938 [INFO] IPUIPlugin:74 - create IPUIPlugin
2024-09-25 15:44:38,939 [INFO] IPUIPlugin:74 - create IPUIPlugin
2024-09-25 15:44:38,939 [INFO] IPUIPlugin:74 - create IPUIPlugin
2024-09-25 15:44:38,939 [INFO] IPUIPlugin:74 - create IPUIPlugin
2024-09-25 15:44:38,939 [INFO] IPUIPlugin:74 - create IPUIPlugin
2024-09-25 15:44:38,939 [INFO] IPUIPlugin:74 - create IPUIPlugin
2024-09-25 15:44:38,939 [INFO] IPUIPlugin:74 - create IPUIPlugin
2024-09-25 15:44:38,939 [INFO] IPUIPlugin:74 - create IPUIPlugin
2024-09-25 15:44:38,939 [INFO] IPUIPlugin:74 - create IPUIPlugin
2024-09-25 15:44:38,939 [INFO] IPUIPlugin:74 - create IPUIPlugin
2024-09-25 15:44:38,939 [INFO] IPUIPlugin:74 - create IPUIPlugin
2024-09-25 15:44:38,940 [INFO] IPUIPlugin:74 - create IPUIPlugin
2024-09-25 15:44:38,940 [INFO] IPUIPlugin:74 - create IPUIPlugin
2024-09-25 15:44:38,940 [INFO] IPUIPlugin:74 - create IPUIPlugin
2024-09-25 15:44:38,940 [INFO] IPUIPlugin:74 - create IPUIPlugin
2024-09-25 15:44:38,940 [INFO] IPUIPlugin:74 - create IPUIPlugin
2024-09-25 15:44:38,941 [INFO] IPUIPlugin:74 - create IPUIPlugin
2024-09-25 15:44:38,941 [INFO] IPUIPlugin:74 - create IPUIPlugin
2024-09-25 15:44:38,941 [INFO] IPUIPlugin:74 - create IPUIPlugin
2024-09-25 15:44:38,941 [INFO] IPUIPlugin:74 - create IPUIPlugin
2024-09-25 15:44:38,941 [INFO] IPUIPlugin:74 - create IPUIPlugin
2024-09-25 15:44:38,942 [INFO] IPUIPlugin:74 - create IPUIPlugin
2024-09-25 15:44:38,942 [INFO] IPUIPlugin:74 - create IPUIPlugin
2024-09-25 15:44:39,015 [INFO] OpenFileManager:333 - Restore cursor
2024-09-25 15:44:39,138 [INFO] UtilMem:74 - End SaveConfig() Used Memory: 878309040 Bytes (1027604480)
2024-09-25 15:44:39,162 [INFO] UtilMem:74 - End SaveConfig() Used Memory: 892282064 Bytes (1027604480)
2024-09-25 15:44:39,402 [INFO] BlockDiagram:2740 - set Specific Code input for plugin: NVIC
2024-09-25 15:44:39,403 [INFO] BlockDiagram:2740 - set Specific Code input for plugin: SYS
2024-09-25 15:44:39,403 [INFO] BlockDiagram:2740 - set Specific Code input for plugin: RCC
2024-09-25 15:44:39,403 [INFO] CodeGenerator:663 - code generatio: config db path: C:\ST\STM32CubeIDE_1.7.0\STM32CubeIDE\plugins\com.st.stm32cube.common.mx_6.3.0.202107141111\\db\
2024-09-25 15:44:39,593 [INFO] CodeEngine:239 - oldGeneratedFile, C:\Users\itzic\Desktop\baitapxaml\VXL\Git_Lab2\STM32_Lab2\MXTmpFiles\license.tmp_save
2024-09-25 15:44:39,815 [INFO] CodeEngine:257 - Generated code: C:\Users\itzic\Desktop\baitapxaml\VXL\Git_Lab2\STM32_Lab2\MXTmpFiles\license.tmp
2024-09-25 15:44:39,866 [INFO] CodeEngine:239 - oldGeneratedFile, C:\Users\itzic\Desktop\baitapxaml\VXL\Git_Lab2\STM32_Lab2\Core\Src\stm32f1xx_it.c_save
2024-09-25 15:44:39,951 [INFO] CodeEngine:257 - Generated code: C:\Users\itzic\Desktop\baitapxaml\VXL\Git_Lab2\STM32_Lab2\Core\Src\stm32f1xx_it.c
2024-09-25 15:44:39,953 [INFO] CodeEngine:239 - oldGeneratedFile, C:\Users\itzic\Desktop\baitapxaml\VXL\Git_Lab2\STM32_Lab2\Core\Inc\stm32f1xx_it.h_save
2024-09-25 15:44:40,040 [INFO] CodeEngine:257 - Generated code: C:\Users\itzic\Desktop\baitapxaml\VXL\Git_Lab2\STM32_Lab2\Core\Inc\stm32f1xx_it.h
2024-09-25 15:44:40,046 [INFO] CodeEngine:239 - oldGeneratedFile, C:\Users\itzic\Desktop\baitapxaml\VXL\Git_Lab2\STM32_Lab2\Core\Src\stm32f1xx_hal_msp.c_save
2024-09-25 15:44:40,120 [INFO] CodeEngine:257 - Generated code: C:\Users\itzic\Desktop\baitapxaml\VXL\Git_Lab2\STM32_Lab2\Core\Src\stm32f1xx_hal_msp.c
2024-09-25 15:44:40,121 [INFO] CodeEngine:239 - oldGeneratedFile, C:\Users\itzic\Desktop\baitapxaml\VXL\Git_Lab2\STM32_Lab2\MXTmpFiles\system.tmp_save
2024-09-25 15:44:40,163 [INFO] CodeEngine:257 - Generated code: C:\Users\itzic\Desktop\baitapxaml\VXL\Git_Lab2\STM32_Lab2\MXTmpFiles\system.tmp
2024-09-25 15:44:40,168 [INFO] CodeEngine:239 - oldGeneratedFile, C:\Users\itzic\Desktop\baitapxaml\VXL\Git_Lab2\STM32_Lab2\Core\Inc\stm32f1xx_hal_conf.h_save
2024-09-25 15:44:40,232 [INFO] CodeEngine:257 - Generated code: C:\Users\itzic\Desktop\baitapxaml\VXL\Git_Lab2\STM32_Lab2\Core\Inc\stm32f1xx_hal_conf.h
2024-09-25 15:44:40,258 [INFO] CodeEngine:239 - oldGeneratedFile, C:\Users\itzic\Desktop\baitapxaml\VXL\Git_Lab2\STM32_Lab2\Core\Inc\main.h_save
2024-09-25 15:44:40,311 [INFO] CodeEngine:257 - Generated code: C:\Users\itzic\Desktop\baitapxaml\VXL\Git_Lab2\STM32_Lab2\Core\Inc\main.h
2024-09-25 15:44:40,313 [INFO] CodeEngine:239 - oldGeneratedFile, C:\Users\itzic\Desktop\baitapxaml\VXL\Git_Lab2\STM32_Lab2\Core\Src\main.c_save
2024-09-25 15:44:40,427 [INFO] CodeEngine:257 - Generated code: C:\Users\itzic\Desktop\baitapxaml\VXL\Git_Lab2\STM32_Lab2\Core\Src\main.c
2024-09-25 15:44:41,062 [INFO] ProjectBuilder:2578 - Time for Copy HAL[1] : 41mS.
2024-09-25 15:44:41,067 [INFO] ProjectBuilder:3622 - Project Generator version: 3.14.1
2024-09-25 15:44:41,425 [INFO] ConfigFileManager:1271 - The Die is : DIE412
2024-09-25 15:44:41,435 [INFO] ApiDbMcu:468 - Load IP Config File for FATFS
2024-09-25 15:44:41,452 [INFO] ApiDbMcu:468 - Load IP Config File for FREERTOS
2024-09-25 15:44:41,467 [INFO] ApiDbMcu:468 - Load IP Config File for USB_DEVICE
2024-09-25 15:44:43,805 [INFO] ProjectBuilder:3789 - Time for Generating toolchain IDE Files: 2738mS.
2024-09-25 15:44:43,806 [INFO] ProjectBuilder:2457 - Time for Copy CMSIS : 0mS.
2024-09-25 15:44:43,808 [INFO] ProjectBuilder:2457 - Time for Copy CMSIS : 0mS.
2024-09-25 15:44:44,142 [INFO] McuFinderGlobals:52 - Set McuFinderConnectedMode to true
2024-09-25 15:44:44,143 [INFO] ApiDb:276 - Save user favorites file C:\Users\itzic/.stm32cubeide/favorites.mcus.txt: 0 item(s)
2024-09-25 15:44:44,143 [INFO] ApiDb:280 - User favorites MCUs=[]
2024-09-25 15:59:00,400 [INFO] UtilMem:74 - End SaveConfig() Used Memory: 940668824 Bytes (1073741824)
2024-09-25 15:59:01,763 [INFO] UtilMem:74 - End SaveConfig() Used Memory: 825712464 Bytes (1073741824)
2024-09-25 15:59:03,361 [INFO] UtilMem:74 - End SaveConfig() Used Memory: 944727888 Bytes (1073741824)
2024-09-25 15:59:03,566 [INFO] BlockDiagram:2740 - set Specific Code input for plugin: NVIC
2024-09-25 15:59:03,567 [INFO] BlockDiagram:2740 - set Specific Code input for plugin: SYS
2024-09-25 15:59:03,567 [INFO] BlockDiagram:2740 - set Specific Code input for plugin: GPIO
2024-09-25 15:59:03,567 [INFO] BlockDiagram:2740 - set Specific Code input for plugin: RCC
2024-09-25 15:59:03,567 [INFO] CodeGenerator:663 - code generatio: config db path: C:\ST\STM32CubeIDE_1.7.0\STM32CubeIDE\plugins\com.st.stm32cube.common.mx_6.3.0.202107141111\\db\
2024-09-25 15:59:03,811 [INFO] CodeEngine:239 - oldGeneratedFile, C:\Users\itzic\Desktop\baitapxaml\VXL\Git_Lab2\STM32_Lab2\MXTmpFiles\license.tmp_save
2024-09-25 15:59:03,861 [INFO] CodeEngine:257 - Generated code: C:\Users\itzic\Desktop\baitapxaml\VXL\Git_Lab2\STM32_Lab2\MXTmpFiles\license.tmp
2024-09-25 15:59:03,928 [INFO] CodeEngine:239 - oldGeneratedFile, C:\Users\itzic\Desktop\baitapxaml\VXL\Git_Lab2\STM32_Lab2\MXTmpFiles\gpio.tmp_save
2024-09-25 15:59:03,990 [INFO] CodeEngine:257 - Generated code: C:\Users\itzic\Desktop\baitapxaml\VXL\Git_Lab2\STM32_Lab2\MXTmpFiles\gpio.tmp
2024-09-25 15:59:04,019 [INFO] CodeEngine:239 - oldGeneratedFile, C:\Users\itzic\Desktop\baitapxaml\VXL\Git_Lab2\STM32_Lab2\Core\Src\stm32f1xx_it.c_save
2024-09-25 15:59:04,089 [INFO] CodeEngine:257 - Generated code: C:\Users\itzic\Desktop\baitapxaml\VXL\Git_Lab2\STM32_Lab2\Core\Src\stm32f1xx_it.c
2024-09-25 15:59:04,098 [INFO] CodeEngine:239 - oldGeneratedFile, C:\Users\itzic\Desktop\baitapxaml\VXL\Git_Lab2\STM32_Lab2\Core\Inc\stm32f1xx_it.h_save
2024-09-25 15:59:04,137 [INFO] CodeEngine:257 - Generated code: C:\Users\itzic\Desktop\baitapxaml\VXL\Git_Lab2\STM32_Lab2\Core\Inc\stm32f1xx_it.h
2024-09-25 15:59:04,148 [INFO] CodeEngine:239 - oldGeneratedFile, C:\Users\itzic\Desktop\baitapxaml\VXL\Git_Lab2\STM32_Lab2\Core\Src\stm32f1xx_hal_msp.c_save
2024-09-25 15:59:04,208 [INFO] CodeEngine:257 - Generated code: C:\Users\itzic\Desktop\baitapxaml\VXL\Git_Lab2\STM32_Lab2\Core\Src\stm32f1xx_hal_msp.c
2024-09-25 15:59:04,210 [INFO] CodeEngine:239 - oldGeneratedFile, C:\Users\itzic\Desktop\baitapxaml\VXL\Git_Lab2\STM32_Lab2\MXTmpFiles\system.tmp_save
2024-09-25 15:59:04,252 [INFO] CodeEngine:257 - Generated code: C:\Users\itzic\Desktop\baitapxaml\VXL\Git_Lab2\STM32_Lab2\MXTmpFiles\system.tmp
2024-09-25 15:59:04,264 [INFO] CodeEngine:239 - oldGeneratedFile, C:\Users\itzic\Desktop\baitapxaml\VXL\Git_Lab2\STM32_Lab2\Core\Inc\stm32f1xx_hal_conf.h_save
2024-09-25 15:59:04,337 [INFO] CodeEngine:257 - Generated code: C:\Users\itzic\Desktop\baitapxaml\VXL\Git_Lab2\STM32_Lab2\Core\Inc\stm32f1xx_hal_conf.h
2024-09-25 15:59:04,358 [INFO] CodeEngine:239 - oldGeneratedFile, C:\Users\itzic\Desktop\baitapxaml\VXL\Git_Lab2\STM32_Lab2\Core\Inc\main.h_save
2024-09-25 15:59:04,423 [INFO] CodeEngine:257 - Generated code: C:\Users\itzic\Desktop\baitapxaml\VXL\Git_Lab2\STM32_Lab2\Core\Inc\main.h
2024-09-25 15:59:04,432 [INFO] CodeEngine:239 - oldGeneratedFile, C:\Users\itzic\Desktop\baitapxaml\VXL\Git_Lab2\STM32_Lab2\Core\Src\main.c_save
2024-09-25 15:59:04,540 [INFO] CodeEngine:257 - Generated code: C:\Users\itzic\Desktop\baitapxaml\VXL\Git_Lab2\STM32_Lab2\Core\Src\main.c
2024-09-25 15:59:05,631 [INFO] ProjectBuilder:2578 - Time for Copy HAL[1] : 63mS.
2024-09-25 15:59:05,633 [INFO] ProjectBuilder:3622 - Project Generator version: 3.14.1
2024-09-25 15:59:05,998 [INFO] ConfigFileManager:1271 - The Die is : DIE412
2024-09-25 15:59:07,767 [INFO] ProjectBuilder:3789 - Time for Generating toolchain IDE Files: 2134mS.
2024-09-25 15:59:07,768 [INFO] ProjectBuilder:2457 - Time for Copy CMSIS : 1mS.
2024-09-25 15:59:07,769 [INFO] ProjectBuilder:2457 - Time for Copy CMSIS : 0mS.
2024-09-25 16:09:06,918 [INFO] NvicIntPanel:96 - NVIC parent = com.st.microxplorer.plugins.ip.nvic.MultiNvicIntPanel[,0,0,0x0,invalid,layout=javax.swing.BoxLayout,alignmentX=0.0,alignmentY=0.0,border=,flags=9,maximumSize=,minimumSize=,preferredSize=]
2024-09-25 16:09:07,931 [INFO] NvicIntPanel:96 - NVIC parent = com.st.microxplorer.plugins.ip.nvic.MultiNvicIntPanel[,0,0,0x0,invalid,layout=javax.swing.BoxLayout,alignmentX=0.0,alignmentY=0.0,border=,flags=9,maximumSize=,minimumSize=,preferredSize=]
2024-09-25 16:09:19,749 [INFO] UtilMem:74 - End SaveConfig() Used Memory: 847607632 Bytes (1073741824)
2024-09-25 16:09:20,737 [INFO] UtilMem:74 - End SaveConfig() Used Memory: 863862608 Bytes (1073741824)
2024-09-25 16:09:23,952 [INFO] UtilMem:74 - End SaveConfig() Used Memory: 879731488 Bytes (1073741824)
2024-09-25 16:09:24,133 [INFO] BlockDiagram:2740 - set Specific Code input for plugin: NVIC
2024-09-25 16:09:24,133 [INFO] BlockDiagram:2740 - set Specific Code input for plugin: SYS
2024-09-25 16:09:24,134 [INFO] BlockDiagram:2740 - set Specific Code input for plugin: GPIO
2024-09-25 16:09:24,134 [INFO] BlockDiagram:2740 - set Specific Code input for plugin: RCC
2024-09-25 16:09:24,134 [INFO] BlockDiagram:2740 - set Specific Code input for plugin: TIM1_8F1
2024-09-25 16:09:24,135 [INFO] CodeGenerator:663 - code generatio: config db path: C:\ST\STM32CubeIDE_1.7.0\STM32CubeIDE\plugins\com.st.stm32cube.common.mx_6.3.0.202107141111\\db\
2024-09-25 16:09:24,357 [INFO] CodeEngine:239 - oldGeneratedFile, C:\Users\itzic\Desktop\baitapxaml\VXL\Git_Lab2\STM32_Lab2\MXTmpFiles\license.tmp_save
2024-09-25 16:09:24,413 [INFO] CodeEngine:257 - Generated code: C:\Users\itzic\Desktop\baitapxaml\VXL\Git_Lab2\STM32_Lab2\MXTmpFiles\license.tmp
2024-09-25 16:09:24,428 [INFO] CodeEngine:239 - oldGeneratedFile, C:\Users\itzic\Desktop\baitapxaml\VXL\Git_Lab2\STM32_Lab2\MXTmpFiles\gpio.tmp_save
2024-09-25 16:09:24,503 [INFO] CodeEngine:257 - Generated code: C:\Users\itzic\Desktop\baitapxaml\VXL\Git_Lab2\STM32_Lab2\MXTmpFiles\gpio.tmp
2024-09-25 16:09:24,615 [INFO] CodeEngine:239 - oldGeneratedFile, C:\Users\itzic\Desktop\baitapxaml\VXL\Git_Lab2\STM32_Lab2\Core\Src\stm32f1xx_it.c_save
2024-09-25 16:09:24,685 [INFO] CodeEngine:257 - Generated code: C:\Users\itzic\Desktop\baitapxaml\VXL\Git_Lab2\STM32_Lab2\Core\Src\stm32f1xx_it.c
2024-09-25 16:09:24,689 [INFO] CodeEngine:239 - oldGeneratedFile, C:\Users\itzic\Desktop\baitapxaml\VXL\Git_Lab2\STM32_Lab2\Core\Inc\stm32f1xx_it.h_save
2024-09-25 16:09:24,747 [INFO] CodeEngine:257 - Generated code: C:\Users\itzic\Desktop\baitapxaml\VXL\Git_Lab2\STM32_Lab2\Core\Inc\stm32f1xx_it.h
2024-09-25 16:09:24,758 [INFO] CodeEngine:239 - oldGeneratedFile, C:\Users\itzic\Desktop\baitapxaml\VXL\Git_Lab2\STM32_Lab2\Core\Src\stm32f1xx_hal_msp.c_save
2024-09-25 16:09:24,835 [INFO] CodeEngine:257 - Generated code: C:\Users\itzic\Desktop\baitapxaml\VXL\Git_Lab2\STM32_Lab2\Core\Src\stm32f1xx_hal_msp.c
2024-09-25 16:09:24,837 [INFO] CodeEngine:239 - oldGeneratedFile, C:\Users\itzic\Desktop\baitapxaml\VXL\Git_Lab2\STM32_Lab2\MXTmpFiles\system.tmp_save
2024-09-25 16:09:24,884 [INFO] CodeEngine:257 - Generated code: C:\Users\itzic\Desktop\baitapxaml\VXL\Git_Lab2\STM32_Lab2\MXTmpFiles\system.tmp
2024-09-25 16:09:24,897 [INFO] CodeEngine:239 - oldGeneratedFile, C:\Users\itzic\Desktop\baitapxaml\VXL\Git_Lab2\STM32_Lab2\Core\Inc\stm32f1xx_hal_conf.h_save
2024-09-25 16:09:24,959 [INFO] CodeEngine:257 - Generated code: C:\Users\itzic\Desktop\baitapxaml\VXL\Git_Lab2\STM32_Lab2\Core\Inc\stm32f1xx_hal_conf.h
2024-09-25 16:09:24,970 [WARN] IPConfigManager:3148 - IP not found : TIM
2024-09-25 16:09:24,970 [WARN] CodeGenerator:3268 - IP not found : null
2024-09-25 16:09:24,980 [INFO] CodeEngine:239 - oldGeneratedFile, C:\Users\itzic\Desktop\baitapxaml\VXL\Git_Lab2\STM32_Lab2\Core\Inc\main.h_save
2024-09-25 16:09:25,030 [INFO] CodeEngine:257 - Generated code: C:\Users\itzic\Desktop\baitapxaml\VXL\Git_Lab2\STM32_Lab2\Core\Inc\main.h
2024-09-25 16:09:25,039 [INFO] CodeEngine:239 - oldGeneratedFile, C:\Users\itzic\Desktop\baitapxaml\VXL\Git_Lab2\STM32_Lab2\Core\Src\main.c_save
2024-09-25 16:09:25,144 [INFO] CodeEngine:257 - Generated code: C:\Users\itzic\Desktop\baitapxaml\VXL\Git_Lab2\STM32_Lab2\Core\Src\main.c
2024-09-25 16:09:26,110 [INFO] ProjectBuilder:2578 - Time for Copy HAL[1] : 48mS.
2024-09-25 16:09:26,113 [INFO] ProjectBuilder:3622 - Project Generator version: 3.14.1
2024-09-25 16:09:26,469 [INFO] ConfigFileManager:1271 - The Die is : DIE412
2024-09-25 16:09:28,037 [INFO] ProjectBuilder:3789 - Time for Generating toolchain IDE Files: 1924mS.
2024-09-25 16:09:28,037 [INFO] ProjectBuilder:2457 - Time for Copy CMSIS : 0mS.
2024-09-25 16:09:28,039 [INFO] ProjectBuilder:2457 - Time for Copy CMSIS : 0mS.
2024-09-25 16:09:32,612 [ERROR] FilesUtils:157 - java.nio.file.FileSystemException: C:\Users\itzic\.stmcube\.STM32CUBEMX_PLUGIN6.3.0Repository.ser: The process cannot access the file because it is being used by another process.

